<?xml version="1.0" encoding="UTF-8"?>
<testng-results skipped="0" failed="0" ignored="0" total="1" passed="1">
  <reporter-output>
    <line>
      <![CDATA[AFD]]>
    </line>
    <line>
      <![CDATA[Implementation]]>
    </line>
  </reporter-output>
  <suite name="Default suite" duration-ms="70" started-at="2020-07-30T10:26:54Z" finished-at="2020-07-30T10:26:54Z">
    <groups>
    </groups>
    <test name="Default test" duration-ms="70" started-at="2020-07-30T10:26:54Z" finished-at="2020-07-30T10:26:54Z">
      <class name="qsp.DemoA">
        <test-method status="PASS" signature="testA()[pri:0, instance:qsp.DemoA@1810399e]" name="testA" duration-ms="17" started-at="2020-07-30T10:26:54Z" finished-at="2020-07-30T10:26:54Z">
          <reporter-output>
            <line>
              <![CDATA[AFD]]>
            </line>
            <line>
              <![CDATA[Implementation]]>
            </line>
          </reporter-output>
        </test-method> <!-- testA -->
      </class> <!-- qsp.DemoA -->
    </test> <!-- Default test -->
  </suite> <!-- Default suite -->
</testng-results>
